2022-01-30 16:16:44.182  INFO [,,] 92397 --- [restartedMain] u.l.p.PokemonEstudoApplication           : Starting PokemonEstudoApplication using Java 11.0.13 on ni-23147-2p with PID 92397 (/home/lrivera/ProjetosPessoais/pokemon_spring_studies/build/classes/java/main started by lrivera in /home/lrivera/ProjetosPessoais/pokemon_spring_studies)
2022-01-30 16:16:44.186  INFO [,,] 92397 --- [restartedMain] u.l.p.PokemonEstudoApplication           : No active profile set, falling back to default profiles: default
2022-01-30 16:16:44.437  INFO [,,] 92397 --- [restartedMain] .e.DevToolsPropertyDefaultsPostProcessor : Devtools property defaults active! Set 'spring.devtools.add-properties' to 'false' to disable
2022-01-30 16:16:44.438  INFO [,,] 92397 --- [restartedMain] .e.DevToolsPropertyDefaultsPostProcessor : For additional web related logging consider setting the 'logging.level.web' property to 'DEBUG'
2022-01-30 16:16:46.542  INFO [,,] 92397 --- [restartedMain] .s.d.r.c.RepositoryConfigurationDelegate : Bootstrapping Spring Data JPA repositories in DEFAULT mode.
2022-01-30 16:16:46.925  INFO [,,] 92397 --- [restartedMain] .s.d.r.c.RepositoryConfigurationDelegate : Finished Spring Data repository scanning in 351 ms. Found 2 JPA repository interfaces.
2022-01-30 16:16:47.598  INFO [,,] 92397 --- [restartedMain] o.s.cloud.context.scope.GenericScope     : BeanFactory id=95a00566-eba2-38fc-9ca7-d6b40837f2d0
2022-01-30 16:16:50.559  INFO [,,] 92397 --- [restartedMain] o.s.b.w.embedded.tomcat.TomcatWebServer  : Tomcat initialized with port(s): 4321 (http)
2022-01-30 16:16:50.586  INFO [,,] 92397 --- [restartedMain] o.apache.catalina.core.StandardService   : Starting service [Tomcat]
2022-01-30 16:16:50.589  INFO [,,] 92397 --- [restartedMain] org.apache.catalina.core.StandardEngine  : Starting Servlet engine: [Apache Tomcat/9.0.55]
2022-01-30 16:16:50.918  INFO [,,] 92397 --- [restartedMain] o.a.c.c.C.[Tomcat].[localhost].[/]       : Initializing Spring embedded WebApplicationContext
2022-01-30 16:16:50.919  INFO [,,] 92397 --- [restartedMain] w.s.c.ServletWebServerApplicationContext : Root WebApplicationContext: initialization completed in 6480 ms
2022-01-30 16:16:51.048  INFO [,,] 92397 --- [restartedMain] com.zaxxer.hikari.HikariDataSource       : HikariPool-1 - Starting...
2022-01-30 16:16:51.515  INFO [,,] 92397 --- [restartedMain] com.zaxxer.hikari.HikariDataSource       : HikariPool-1 - Start completed.
2022-01-30 16:16:51.546  INFO [,,] 92397 --- [restartedMain] o.s.b.a.h2.H2ConsoleAutoConfiguration    : H2 console available at '/h2'. Database available at 'jdbc:h2:mem:testdb'
2022-01-30 16:16:51.957  INFO [,,] 92397 --- [restartedMain] o.hibernate.jpa.internal.util.LogHelper  : HHH000204: Processing PersistenceUnitInfo [name: default]
2022-01-30 16:16:52.072  INFO [,,] 92397 --- [restartedMain] org.hibernate.Version                    : HHH000412: Hibernate ORM core version 5.6.1.Final
2022-01-30 16:16:52.562  INFO [,,] 92397 --- [restartedMain] o.hibernate.annotations.common.Version   : HCANN000001: Hibernate Commons Annotations {5.1.2.Final}
2022-01-30 16:16:52.824  INFO [,,] 92397 --- [restartedMain] org.hibernate.dialect.Dialect            : HHH000400: Using dialect: org.hibernate.dialect.H2Dialect
2022-01-30 16:16:54.391  INFO [,,] 92397 --- [restartedMain] o.h.e.t.j.p.i.JtaPlatformInitiator       : HHH000490: Using JtaPlatform implementation: [org.hibernate.engine.transaction.jta.platform.internal.NoJtaPlatform]
2022-01-30 16:16:54.413  INFO [,,] 92397 --- [restartedMain] j.LocalContainerEntityManagerFactoryBean : Initialized JPA EntityManagerFactory for persistence unit 'default'
2022-01-30 16:16:54.763  WARN [,,] 92397 --- [restartedMain] JpaBaseConfiguration$JpaWebConfiguration : spring.jpa.open-in-view is enabled by default. Therefore, database queries may be performed during view rendering. Explicitly configure spring.jpa.open-in-view to disable this warning
2022-01-30 16:16:56.963  INFO [,,] 92397 --- [restartedMain] o.s.s.web.DefaultSecurityFilterChain     : Will secure any request with [org.springframework.security.web.context.request.async.WebAsyncManagerIntegrationFilter@20257062, org.springframework.security.web.context.SecurityContextPersistenceFilter@2e2c783a, org.springframework.security.web.header.HeaderWriterFilter@437ac1e8, org.springframework.security.web.authentication.logout.LogoutFilter@2fd79902, usr.lrivera.pokemonestudo.security.TokenFilter@3072b162, org.springframework.security.web.savedrequest.RequestCacheAwareFilter@6d61ee38, org.springframework.security.web.servletapi.SecurityContextHolderAwareRequestFilter@2dbba0c1, org.springframework.security.web.authentication.AnonymousAuthenticationFilter@2850fb3d, org.springframework.security.web.session.SessionManagementFilter@7993e272, org.springframework.security.web.access.ExceptionTranslationFilter@6a8dfa11, org.springframework.security.web.access.intercept.AuthorizationFilter@5e4dc871]
2022-01-30 16:16:59.007  INFO [,,] 92397 --- [restartedMain] o.s.b.d.a.OptionalLiveReloadServer       : LiveReload server is running on port 35729
2022-01-30 16:16:59.608  INFO [,,] 92397 --- [restartedMain] o.s.b.w.embedded.tomcat.TomcatWebServer  : Tomcat started on port(s): 4321 (http) with context path ''
2022-01-30 16:16:59.723  INFO [,,] 92397 --- [restartedMain] u.l.p.PokemonEstudoApplication           : Started PokemonEstudoApplication in 16.757 seconds (JVM running for 18.043)
2022-01-30 16:17:59.387  INFO [,796283422bac148a,796283422bac148a] 92397 --- [http-nio-4321-exec-2] o.a.c.c.C.[Tomcat].[localhost].[/]       : Initializing Spring DispatcherServlet 'dispatcherServlet'
2022-01-30 16:17:59.388  INFO [,796283422bac148a,796283422bac148a] 92397 --- [http-nio-4321-exec-2] o.s.web.servlet.DispatcherServlet        : Initializing Servlet 'dispatcherServlet'
2022-01-30 16:17:59.390  INFO [,796283422bac148a,796283422bac148a] 92397 --- [http-nio-4321-exec-2] o.s.web.servlet.DispatcherServlet        : Completed initialization in 2 ms
2022-01-30 16:18:00.552  INFO [,796283422bac148a,796283422bac148a] 92397 --- [http-nio-4321-exec-2] u.l.p.controller.AutenticacaoController  : Solicitação de autenticação realizada por admin@email.com
2022-01-30 16:18:47.948  WARN [,38a78310730471e0,332b44e38dede40c] 92397 --- [http-nio-4321-exec-3] .w.s.m.s.DefaultHandlerExceptionResolver : Resolved [org.springframework.web.HttpRequestMethodNotSupportedException: Request method 'POST' not supported]
2022-01-30 16:18:55.504  INFO [,e0136b3b5bc92dca,2edd65009a4409d7] 92397 --- [http-nio-4321-exec-4] STDOUT                                   : null
2022-01-30 16:18:55.506  INFO [,e0136b3b5bc92dca,2edd65009a4409d7] 92397 --- [http-nio-4321-exec-4] STDOUT                                   : Request realizada pelo ip = IP REMOTO: 0:0:0:0:0:0:0:1USERadmin@email.com
2022-01-30 16:18:55.506  INFO [,e0136b3b5bc92dca,2edd65009a4409d7] 92397 --- [http-nio-4321-exec-4] STDOUT                                   : Request geral
2022-01-30 16:18:55.506  INFO [,e0136b3b5bc92dca,2edd65009a4409d7] 92397 --- [http-nio-4321-exec-4] jsonLogger                               : Json request geral
2022-01-30 16:23:14.491  INFO [,,] 92397 --- [SpringApplicationShutdownHook] j.LocalContainerEntityManagerFactoryBean : Closing JPA EntityManagerFactory for persistence unit 'default'
2022-01-30 16:23:14.492  INFO [,,] 92397 --- [SpringApplicationShutdownHook] .SchemaDropperImpl$DelayedDropActionImpl : HHH000477: Starting delayed evictData of schema as part of SessionFactory shut-down'
2022-01-30 16:23:14.703  WARN [,,] 92397 --- [SpringApplicationShutdownHook] o.s.b.f.support.DisposableBeanAdapter    : Invocation of destroy method failed on bean with name 'inMemoryDatabaseShutdownExecutor': org.h2.jdbc.JdbcSQLNonTransientConnectionException: Database is already closed (to disable automatic closing at VM shutdown, add ";DB_CLOSE_ON_EXIT=FALSE" to the db URL) [90121-200]
2022-01-30 16:23:14.704  INFO [,,] 92397 --- [SpringApplicationShutdownHook] com.zaxxer.hikari.HikariDataSource       : HikariPool-1 - Shutdown initiated...
2022-01-30 16:23:14.707  INFO [,,] 92397 --- [SpringApplicationShutdownHook] com.zaxxer.hikari.HikariDataSource       : HikariPool-1 - Shutdown completed.
2022-01-30 16:23:21.844  INFO [,,] 96017 --- [restartedMain] u.l.p.PokemonEstudoApplication           : Starting PokemonEstudoApplication using Java 11.0.13 on ni-23147-2p with PID 96017 (/home/lrivera/ProjetosPessoais/pokemon_spring_studies/build/classes/java/main started by lrivera in /home/lrivera/ProjetosPessoais/pokemon_spring_studies)
2022-01-30 16:23:21.846  INFO [,,] 96017 --- [restartedMain] u.l.p.PokemonEstudoApplication           : No active profile set, falling back to default profiles: default
2022-01-30 16:23:21.989  INFO [,,] 96017 --- [restartedMain] .e.DevToolsPropertyDefaultsPostProcessor : Devtools property defaults active! Set 'spring.devtools.add-properties' to 'false' to disable
2022-01-30 16:23:21.989  INFO [,,] 96017 --- [restartedMain] .e.DevToolsPropertyDefaultsPostProcessor : For additional web related logging consider setting the 'logging.level.web' property to 'DEBUG'
2022-01-30 16:23:23.593  INFO [,,] 96017 --- [restartedMain] .s.d.r.c.RepositoryConfigurationDelegate : Bootstrapping Spring Data JPA repositories in DEFAULT mode.
2022-01-30 16:23:23.843  INFO [,,] 96017 --- [restartedMain] .s.d.r.c.RepositoryConfigurationDelegate : Finished Spring Data repository scanning in 233 ms. Found 2 JPA repository interfaces.
2022-01-30 16:23:24.432  INFO [,,] 96017 --- [restartedMain] o.s.cloud.context.scope.GenericScope     : BeanFactory id=95a00566-eba2-38fc-9ca7-d6b40837f2d0
2022-01-30 16:23:26.565  INFO [,,] 96017 --- [restartedMain] o.s.b.w.embedded.tomcat.TomcatWebServer  : Tomcat initialized with port(s): 4321 (http)
2022-01-30 16:23:26.587  INFO [,,] 96017 --- [restartedMain] o.apache.catalina.core.StandardService   : Starting service [Tomcat]
2022-01-30 16:23:26.588  INFO [,,] 96017 --- [restartedMain] org.apache.catalina.core.StandardEngine  : Starting Servlet engine: [Apache Tomcat/9.0.55]
2022-01-30 16:23:26.788  INFO [,,] 96017 --- [restartedMain] o.a.c.c.C.[Tomcat].[localhost].[/]       : Initializing Spring embedded WebApplicationContext
2022-01-30 16:23:26.788  INFO [,,] 96017 --- [restartedMain] w.s.c.ServletWebServerApplicationContext : Root WebApplicationContext: initialization completed in 4796 ms
2022-01-30 16:23:26.883  INFO [,,] 96017 --- [restartedMain] com.zaxxer.hikari.HikariDataSource       : HikariPool-1 - Starting...
2022-01-30 16:23:27.169  INFO [,,] 96017 --- [restartedMain] com.zaxxer.hikari.HikariDataSource       : HikariPool-1 - Start completed.
2022-01-30 16:23:27.191  INFO [,,] 96017 --- [restartedMain] o.s.b.a.h2.H2ConsoleAutoConfiguration    : H2 console available at '/h2'. Database available at 'jdbc:h2:mem:testdb'
2022-01-30 16:23:27.581  INFO [,,] 96017 --- [restartedMain] o.hibernate.jpa.internal.util.LogHelper  : HHH000204: Processing PersistenceUnitInfo [name: default]
2022-01-30 16:23:27.667  INFO [,,] 96017 --- [restartedMain] org.hibernate.Version                    : HHH000412: Hibernate ORM core version 5.6.1.Final
2022-01-30 16:23:27.960  INFO [,,] 96017 --- [restartedMain] o.hibernate.annotations.common.Version   : HCANN000001: Hibernate Commons Annotations {5.1.2.Final}
2022-01-30 16:23:28.135  INFO [,,] 96017 --- [restartedMain] org.hibernate.dialect.Dialect            : HHH000400: Using dialect: org.hibernate.dialect.H2Dialect
2022-01-30 16:23:29.173  INFO [,,] 96017 --- [restartedMain] o.h.e.t.j.p.i.JtaPlatformInitiator       : HHH000490: Using JtaPlatform implementation: [org.hibernate.engine.transaction.jta.platform.internal.NoJtaPlatform]
2022-01-30 16:23:29.185  INFO [,,] 96017 --- [restartedMain] j.LocalContainerEntityManagerFactoryBean : Initialized JPA EntityManagerFactory for persistence unit 'default'
2022-01-30 16:23:29.378  WARN [,,] 96017 --- [restartedMain] JpaBaseConfiguration$JpaWebConfiguration : spring.jpa.open-in-view is enabled by default. Therefore, database queries may be performed during view rendering. Explicitly configure spring.jpa.open-in-view to disable this warning
2022-01-30 16:23:30.928  INFO [,,] 96017 --- [restartedMain] o.s.s.web.DefaultSecurityFilterChain     : Will secure any request with [org.springframework.security.web.context.request.async.WebAsyncManagerIntegrationFilter@3045ac2c, org.springframework.security.web.context.SecurityContextPersistenceFilter@79b6f743, org.springframework.security.web.header.HeaderWriterFilter@54f662d9, org.springframework.security.web.authentication.logout.LogoutFilter@61aecf6b, usr.lrivera.pokemonestudo.security.TokenFilter@76a2d505, org.springframework.security.web.savedrequest.RequestCacheAwareFilter@2b8084c9, org.springframework.security.web.servletapi.SecurityContextHolderAwareRequestFilter@6be7efdf, org.springframework.security.web.authentication.AnonymousAuthenticationFilter@119a4263, org.springframework.security.web.session.SessionManagementFilter@685f3bc, org.springframework.security.web.access.ExceptionTranslationFilter@2116e71d, org.springframework.security.web.access.intercept.AuthorizationFilter@29c403cd]
2022-01-30 16:23:32.358  INFO [,,] 96017 --- [restartedMain] o.s.b.d.a.OptionalLiveReloadServer       : LiveReload server is running on port 35729
2022-01-30 16:23:32.760  INFO [,,] 96017 --- [restartedMain] o.s.b.w.embedded.tomcat.TomcatWebServer  : Tomcat started on port(s): 4321 (http) with context path ''
2022-01-30 16:23:32.895  INFO [,,] 96017 --- [restartedMain] u.l.p.PokemonEstudoApplication           : Started PokemonEstudoApplication in 11.877 seconds (JVM running for 12.705)
2022-01-30 16:24:25.820  INFO [,5141def793d9caab,5141def793d9caab] 96017 --- [http-nio-4321-exec-2] o.a.c.c.C.[Tomcat].[localhost].[/]       : Initializing Spring DispatcherServlet 'dispatcherServlet'
2022-01-30 16:24:25.821  INFO [,5141def793d9caab,5141def793d9caab] 96017 --- [http-nio-4321-exec-2] o.s.web.servlet.DispatcherServlet        : Initializing Servlet 'dispatcherServlet'
2022-01-30 16:24:25.823  INFO [,5141def793d9caab,5141def793d9caab] 96017 --- [http-nio-4321-exec-2] o.s.web.servlet.DispatcherServlet        : Completed initialization in 2 ms
2022-01-30 16:24:26.939  INFO [,5141def793d9caab,5141def793d9caab] 96017 --- [http-nio-4321-exec-2] u.l.p.controller.AutenticacaoController  : Solicitação de autenticação realizada por admin@email.com
2022-01-30 16:24:59.270  INFO [,a1fdbbf277ce8fab,50169502c4a2e6b6] 96017 --- [http-nio-4321-exec-3] STDOUT                                   : null
2022-01-30 16:24:59.271  INFO [,a1fdbbf277ce8fab,50169502c4a2e6b6] 96017 --- [http-nio-4321-exec-3] STDOUT                                   : Request realizada pelo ip = IP REMOTO: 0:0:0:0:0:0:0:1USERadmin@email.com
2022-01-30 16:24:59.272  INFO [,a1fdbbf277ce8fab,50169502c4a2e6b6] 96017 --- [http-nio-4321-exec-3] STDOUT                                   : Request geral
2022-01-30 16:24:59.272  INFO [,a1fdbbf277ce8fab,50169502c4a2e6b6] 96017 --- [http-nio-4321-exec-3] jsonLogger                               : Json request geral
2022-01-30 16:29:05.263  INFO [,,] 96017 --- [SpringApplicationShutdownHook] j.LocalContainerEntityManagerFactoryBean : Closing JPA EntityManagerFactory for persistence unit 'default'
2022-01-30 16:29:05.264  INFO [,,] 96017 --- [SpringApplicationShutdownHook] .SchemaDropperImpl$DelayedDropActionImpl : HHH000477: Starting delayed evictData of schema as part of SessionFactory shut-down'
2022-01-30 16:29:05.475  WARN [,,] 96017 --- [SpringApplicationShutdownHook] o.s.b.f.support.DisposableBeanAdapter    : Invocation of destroy method failed on bean with name 'inMemoryDatabaseShutdownExecutor': org.h2.jdbc.JdbcSQLNonTransientConnectionException: Database is already closed (to disable automatic closing at VM shutdown, add ";DB_CLOSE_ON_EXIT=FALSE" to the db URL) [90121-200]
2022-01-30 16:29:05.476  INFO [,,] 96017 --- [SpringApplicationShutdownHook] com.zaxxer.hikari.HikariDataSource       : HikariPool-1 - Shutdown initiated...
2022-01-30 16:29:05.480  INFO [,,] 96017 --- [SpringApplicationShutdownHook] com.zaxxer.hikari.HikariDataSource       : HikariPool-1 - Shutdown completed.
2022-01-30 16:29:20.106  INFO [,,] 97663 --- [restartedMain] u.l.p.PokemonEstudoApplication           : Starting PokemonEstudoApplication using Java 11.0.13 on ni-23147-2p with PID 97663 (/home/lrivera/ProjetosPessoais/pokemon_spring_studies/build/classes/java/main started by lrivera in /home/lrivera/ProjetosPessoais/pokemon_spring_studies)
2022-01-30 16:29:20.108  INFO [,,] 97663 --- [restartedMain] u.l.p.PokemonEstudoApplication           : No active profile set, falling back to default profiles: default
2022-01-30 16:29:20.402  INFO [,,] 97663 --- [restartedMain] .e.DevToolsPropertyDefaultsPostProcessor : Devtools property defaults active! Set 'spring.devtools.add-properties' to 'false' to disable
2022-01-30 16:29:20.403  INFO [,,] 97663 --- [restartedMain] .e.DevToolsPropertyDefaultsPostProcessor : For additional web related logging consider setting the 'logging.level.web' property to 'DEBUG'
2022-01-30 16:29:22.876  INFO [,,] 97663 --- [restartedMain] .s.d.r.c.RepositoryConfigurationDelegate : Bootstrapping Spring Data JPA repositories in DEFAULT mode.
2022-01-30 16:29:23.183  INFO [,,] 97663 --- [restartedMain] .s.d.r.c.RepositoryConfigurationDelegate : Finished Spring Data repository scanning in 277 ms. Found 2 JPA repository interfaces.
2022-01-30 16:29:24.042  INFO [,,] 97663 --- [restartedMain] o.s.cloud.context.scope.GenericScope     : BeanFactory id=95a00566-eba2-38fc-9ca7-d6b40837f2d0
2022-01-30 16:29:27.415  INFO [,,] 97663 --- [restartedMain] o.s.b.w.embedded.tomcat.TomcatWebServer  : Tomcat initialized with port(s): 4321 (http)
2022-01-30 16:29:27.444  INFO [,,] 97663 --- [restartedMain] o.apache.catalina.core.StandardService   : Starting service [Tomcat]
2022-01-30 16:29:27.444  INFO [,,] 97663 --- [restartedMain] org.apache.catalina.core.StandardEngine  : Starting Servlet engine: [Apache Tomcat/9.0.55]
2022-01-30 16:29:27.762  INFO [,,] 97663 --- [restartedMain] o.a.c.c.C.[Tomcat].[localhost].[/]       : Initializing Spring embedded WebApplicationContext
2022-01-30 16:29:27.763  INFO [,,] 97663 --- [restartedMain] w.s.c.ServletWebServerApplicationContext : Root WebApplicationContext: initialization completed in 7358 ms
2022-01-30 16:29:27.953  INFO [,,] 97663 --- [restartedMain] com.zaxxer.hikari.HikariDataSource       : HikariPool-1 - Starting...
2022-01-30 16:29:28.849  INFO [,,] 97663 --- [restartedMain] com.zaxxer.hikari.HikariDataSource       : HikariPool-1 - Start completed.
2022-01-30 16:29:28.882  INFO [,,] 97663 --- [restartedMain] o.s.b.a.h2.H2ConsoleAutoConfiguration    : H2 console available at '/h2'. Database available at 'jdbc:h2:mem:testdb'
2022-01-30 16:29:29.382  INFO [,,] 97663 --- [restartedMain] o.hibernate.jpa.internal.util.LogHelper  : HHH000204: Processing PersistenceUnitInfo [name: default]
2022-01-30 16:29:29.522  INFO [,,] 97663 --- [restartedMain] org.hibernate.Version                    : HHH000412: Hibernate ORM core version 5.6.1.Final
2022-01-30 16:29:30.096  INFO [,,] 97663 --- [restartedMain] o.hibernate.annotations.common.Version   : HCANN000001: Hibernate Commons Annotations {5.1.2.Final}
2022-01-30 16:29:30.351  INFO [,,] 97663 --- [restartedMain] org.hibernate.dialect.Dialect            : HHH000400: Using dialect: org.hibernate.dialect.H2Dialect
2022-01-30 16:29:31.987  INFO [,,] 97663 --- [restartedMain] o.h.e.t.j.p.i.JtaPlatformInitiator       : HHH000490: Using JtaPlatform implementation: [org.hibernate.engine.transaction.jta.platform.internal.NoJtaPlatform]
2022-01-30 16:29:32.000  INFO [,,] 97663 --- [restartedMain] j.LocalContainerEntityManagerFactoryBean : Initialized JPA EntityManagerFactory for persistence unit 'default'
2022-01-30 16:29:32.261  WARN [,,] 97663 --- [restartedMain] JpaBaseConfiguration$JpaWebConfiguration : spring.jpa.open-in-view is enabled by default. Therefore, database queries may be performed during view rendering. Explicitly configure spring.jpa.open-in-view to disable this warning
2022-01-30 16:29:35.193  INFO [,,] 97663 --- [restartedMain] o.s.s.web.DefaultSecurityFilterChain     : Will secure any request with [org.springframework.security.web.context.request.async.WebAsyncManagerIntegrationFilter@4b4d5deb, org.springframework.security.web.context.SecurityContextPersistenceFilter@db99e29, org.springframework.security.web.header.HeaderWriterFilter@52b63e4d, org.springframework.security.web.authentication.logout.LogoutFilter@2db4cbd8, usr.lrivera.pokemonestudo.security.TokenFilter@1235b94e, org.springframework.security.web.savedrequest.RequestCacheAwareFilter@3f09f70f, org.springframework.security.web.servletapi.SecurityContextHolderAwareRequestFilter@3c65e2cb, org.springframework.security.web.authentication.AnonymousAuthenticationFilter@6d0b32be, org.springframework.security.web.session.SessionManagementFilter@55973dbe, org.springframework.security.web.access.ExceptionTranslationFilter@2498a571, org.springframework.security.web.access.intercept.AuthorizationFilter@e3fe29a]
2022-01-30 16:29:37.760  INFO [,,] 97663 --- [restartedMain] o.s.b.d.a.OptionalLiveReloadServer       : LiveReload server is running on port 35729
2022-01-30 16:29:38.616  INFO [,,] 97663 --- [restartedMain] o.s.b.w.embedded.tomcat.TomcatWebServer  : Tomcat started on port(s): 4321 (http) with context path ''
2022-01-30 16:29:38.772  INFO [,,] 97663 --- [restartedMain] u.l.p.PokemonEstudoApplication           : Started PokemonEstudoApplication in 19.748 seconds (JVM running for 21.212)
2022-01-30 16:29:56.829  INFO [,ed79e31b4d2db105,ed79e31b4d2db105] 97663 --- [http-nio-4321-exec-2] o.a.c.c.C.[Tomcat].[localhost].[/]       : Initializing Spring DispatcherServlet 'dispatcherServlet'
2022-01-30 16:29:56.835  INFO [,ed79e31b4d2db105,ed79e31b4d2db105] 97663 --- [http-nio-4321-exec-2] o.s.web.servlet.DispatcherServlet        : Initializing Servlet 'dispatcherServlet'
2022-01-30 16:29:56.839  INFO [,ed79e31b4d2db105,ed79e31b4d2db105] 97663 --- [http-nio-4321-exec-2] o.s.web.servlet.DispatcherServlet        : Completed initialization in 3 ms
2022-01-30 16:30:01.271  INFO [,ed79e31b4d2db105,6608cb2f0db5c49a] 97663 --- [http-nio-4321-exec-2] STDOUT                                   : null
2022-01-30 16:30:01.273  INFO [,ed79e31b4d2db105,6608cb2f0db5c49a] 97663 --- [http-nio-4321-exec-2] STDOUT                                   : Request realizada pelo ip = IP REMOTO: 0:0:0:0:0:0:0:1USERadmin@email.com
2022-01-30 16:30:01.273  INFO [,ed79e31b4d2db105,6608cb2f0db5c49a] 97663 --- [http-nio-4321-exec-2] STDOUT                                   : Request geral
2022-01-30 16:30:32.791  INFO [,,] 97663 --- [SpringApplicationShutdownHook] j.LocalContainerEntityManagerFactoryBean : Closing JPA EntityManagerFactory for persistence unit 'default'
2022-01-30 16:30:32.792  INFO [,,] 97663 --- [SpringApplicationShutdownHook] .SchemaDropperImpl$DelayedDropActionImpl : HHH000477: Starting delayed evictData of schema as part of SessionFactory shut-down'
2022-01-30 16:30:33.014  WARN [,,] 97663 --- [SpringApplicationShutdownHook] o.s.b.f.support.DisposableBeanAdapter    : Invocation of destroy method failed on bean with name 'inMemoryDatabaseShutdownExecutor': org.h2.jdbc.JdbcSQLNonTransientConnectionException: Database is already closed (to disable automatic closing at VM shutdown, add ";DB_CLOSE_ON_EXIT=FALSE" to the db URL) [90121-210]
2022-01-30 16:30:33.015  INFO [,,] 97663 --- [SpringApplicationShutdownHook] com.zaxxer.hikari.HikariDataSource       : HikariPool-1 - Shutdown initiated...
2022-01-30 16:30:33.021  INFO [,,] 97663 --- [SpringApplicationShutdownHook] com.zaxxer.hikari.HikariDataSource       : HikariPool-1 - Shutdown completed.
2022-01-30 16:30:43.229  INFO [,,] 98385 --- [restartedMain] u.l.p.PokemonEstudoApplication           : Starting PokemonEstudoApplication using Java 11.0.13 on ni-23147-2p with PID 98385 (/home/lrivera/ProjetosPessoais/pokemon_spring_studies/build/classes/java/main started by lrivera in /home/lrivera/ProjetosPessoais/pokemon_spring_studies)
2022-01-30 16:30:43.234  INFO [,,] 98385 --- [restartedMain] u.l.p.PokemonEstudoApplication           : No active profile set, falling back to default profiles: default
2022-01-30 16:30:43.402  INFO [,,] 98385 --- [restartedMain] .e.DevToolsPropertyDefaultsPostProcessor : Devtools property defaults active! Set 'spring.devtools.add-properties' to 'false' to disable
2022-01-30 16:30:43.403  INFO [,,] 98385 --- [restartedMain] .e.DevToolsPropertyDefaultsPostProcessor : For additional web related logging consider setting the 'logging.level.web' property to 'DEBUG'
2022-01-30 16:30:46.621  INFO [,,] 98385 --- [restartedMain] .s.d.r.c.RepositoryConfigurationDelegate : Bootstrapping Spring Data JPA repositories in DEFAULT mode.
2022-01-30 16:30:47.033  INFO [,,] 98385 --- [restartedMain] .s.d.r.c.RepositoryConfigurationDelegate : Finished Spring Data repository scanning in 372 ms. Found 2 JPA repository interfaces.
2022-01-30 16:30:48.042  INFO [,,] 98385 --- [restartedMain] o.s.cloud.context.scope.GenericScope     : BeanFactory id=95a00566-eba2-38fc-9ca7-d6b40837f2d0
2022-01-30 16:30:53.110  INFO [,,] 98385 --- [restartedMain] o.s.b.w.embedded.tomcat.TomcatWebServer  : Tomcat initialized with port(s): 4321 (http)
2022-01-30 16:30:53.180  INFO [,,] 98385 --- [restartedMain] o.apache.catalina.core.StandardService   : Starting service [Tomcat]
2022-01-30 16:30:53.186  INFO [,,] 98385 --- [restartedMain] org.apache.catalina.core.StandardEngine  : Starting Servlet engine: [Apache Tomcat/9.0.55]
2022-01-30 16:30:53.768  INFO [,,] 98385 --- [restartedMain] o.a.c.c.C.[Tomcat].[localhost].[/]       : Initializing Spring embedded WebApplicationContext
2022-01-30 16:30:53.768  INFO [,,] 98385 --- [restartedMain] w.s.c.ServletWebServerApplicationContext : Root WebApplicationContext: initialization completed in 10364 ms
2022-01-30 16:30:53.969  INFO [,,] 98385 --- [restartedMain] com.zaxxer.hikari.HikariDataSource       : HikariPool-1 - Starting...
2022-01-30 16:30:55.097  INFO [,,] 98385 --- [restartedMain] com.zaxxer.hikari.HikariDataSource       : HikariPool-1 - Start completed.
2022-01-30 16:30:55.136  INFO [,,] 98385 --- [restartedMain] o.s.b.a.h2.H2ConsoleAutoConfiguration    : H2 console available at '/h2'. Database available at 'jdbc:h2:mem:testdb'
2022-01-30 16:30:56.166  INFO [,,] 98385 --- [restartedMain] o.hibernate.jpa.internal.util.LogHelper  : HHH000204: Processing PersistenceUnitInfo [name: default]
2022-01-30 16:30:56.475  INFO [,,] 98385 --- [restartedMain] org.hibernate.Version                    : HHH000412: Hibernate ORM core version 5.6.1.Final
2022-01-30 16:30:57.141  INFO [,,] 98385 --- [restartedMain] o.hibernate.annotations.common.Version   : HCANN000001: Hibernate Commons Annotations {5.1.2.Final}
2022-01-30 16:30:57.468  INFO [,,] 98385 --- [restartedMain] org.hibernate.dialect.Dialect            : HHH000400: Using dialect: org.hibernate.dialect.H2Dialect
2022-01-30 16:30:59.458  INFO [,,] 98385 --- [restartedMain] o.h.e.t.j.p.i.JtaPlatformInitiator       : HHH000490: Using JtaPlatform implementation: [org.hibernate.engine.transaction.jta.platform.internal.NoJtaPlatform]
2022-01-30 16:30:59.485  INFO [,,] 98385 --- [restartedMain] j.LocalContainerEntityManagerFactoryBean : Initialized JPA EntityManagerFactory for persistence unit 'default'
2022-01-30 16:30:59.822  WARN [,,] 98385 --- [restartedMain] JpaBaseConfiguration$JpaWebConfiguration : spring.jpa.open-in-view is enabled by default. Therefore, database queries may be performed during view rendering. Explicitly configure spring.jpa.open-in-view to disable this warning
2022-01-30 16:31:02.848  INFO [,,] 98385 --- [restartedMain] o.s.s.web.DefaultSecurityFilterChain     : Will secure any request with [org.springframework.security.web.context.request.async.WebAsyncManagerIntegrationFilter@1c5c89c8, org.springframework.security.web.context.SecurityContextPersistenceFilter@29f9dd97, org.springframework.security.web.header.HeaderWriterFilter@2fe0617e, org.springframework.security.web.authentication.logout.LogoutFilter@9d0ecf5, usr.lrivera.pokemonestudo.security.TokenFilter@2737f506, org.springframework.security.web.savedrequest.RequestCacheAwareFilter@76b248f, org.springframework.security.web.servletapi.SecurityContextHolderAwareRequestFilter@4d78d420, org.springframework.security.web.authentication.AnonymousAuthenticationFilter@3349f2c8, org.springframework.security.web.session.SessionManagementFilter@5a612aa1, org.springframework.security.web.access.ExceptionTranslationFilter@1624c16a, org.springframework.security.web.access.intercept.AuthorizationFilter@6ea7cf9f]
2022-01-30 16:31:06.524  INFO [,,] 98385 --- [restartedMain] o.s.b.d.a.OptionalLiveReloadServer       : LiveReload server is running on port 35729
2022-01-30 16:31:07.503  INFO [,,] 98385 --- [restartedMain] o.s.b.w.embedded.tomcat.TomcatWebServer  : Tomcat started on port(s): 4321 (http) with context path ''
2022-01-30 16:31:07.636  INFO [,,] 98385 --- [restartedMain] u.l.p.PokemonEstudoApplication           : Started PokemonEstudoApplication in 26.252 seconds (JVM running for 28.38)
2022-01-30 16:32:15.133  INFO [,1badaed76dfd21f0,1badaed76dfd21f0] 98385 --- [http-nio-4321-exec-2] o.a.c.c.C.[Tomcat].[localhost].[/]       : Initializing Spring DispatcherServlet 'dispatcherServlet'
2022-01-30 16:32:15.135  INFO [,1badaed76dfd21f0,1badaed76dfd21f0] 98385 --- [http-nio-4321-exec-2] o.s.web.servlet.DispatcherServlet        : Initializing Servlet 'dispatcherServlet'
2022-01-30 16:32:15.139  INFO [,1badaed76dfd21f0,1badaed76dfd21f0] 98385 --- [http-nio-4321-exec-2] o.s.web.servlet.DispatcherServlet        : Completed initialization in 4 ms
2022-01-30 16:32:19.972  INFO [,1badaed76dfd21f0,22c6d77d0f054bad] 98385 --- [http-nio-4321-exec-2] STDOUT                                   : null
2022-01-30 16:32:19.974  INFO [,1badaed76dfd21f0,22c6d77d0f054bad] 98385 --- [http-nio-4321-exec-2] STDOUT                                   : Request realizada pelo ip = IP REMOTO: 0:0:0:0:0:0:0:1USERadmin@email.com
2022-01-30 16:32:19.975  INFO [,1badaed76dfd21f0,22c6d77d0f054bad] 98385 --- [http-nio-4321-exec-2] STDOUT                                   : Request geral
2022-01-30 16:32:19.976  INFO [,1badaed76dfd21f0,22c6d77d0f054bad] 98385 --- [http-nio-4321-exec-2] jsonLogger                               : Json request geral
